<?xml version="1.0" encoding="UTF-8"?>
<!-- Generated by org.testng.reporters.JUnitReportReporter -->
<testsuite hostname="LAPTOP-RV32N52H" failures="0" tests="3" name="com.selenium.tests.FormTest" time="16.719" errors="0" timestamp="2025-12-30T20:11:13 IST" skipped="0">
  <testcase classname="com.selenium.tests.FormTest" name="submitFormTest" time="2.530"/>
  <testcase classname="com.selenium.tests.FormTest" name="submitFormTest" time="11.696"/>
  <testcase classname="com.selenium.tests.FormTest" name="submitFormTest" time="2.493"/>
</testsuite> <!-- com.selenium.tests.FormTest -->
