<?xml version="1.0" encoding="UTF-8"?>
<testng-results ignored="0" total="3" passed="3" failed="0" skipped="0">
  <reporter-output>
  </reporter-output>
  <suite started-at="2025-12-30T20:10:54 IST" name="Default suite" finished-at="2025-12-30T20:11:13 IST" duration-ms="19193">
    <groups>
    </groups>
    <test started-at="2025-12-30T20:10:54 IST" name="Default test" finished-at="2025-12-30T20:11:13 IST" duration-ms="19193">
      <class name="com.selenium.tests.FormTest">
        <test-method is-config="true" signature="initializeDriver()[pri:0, instance:com.selenium.tests.FormTest@7dc0f706]" started-at="2025-12-30T20:10:54 IST" name="initializeDriver" finished-at="2025-12-30T20:10:55 IST" duration-ms="1507" status="PASS">
          <reporter-output>
          </reporter-output>
        </test-method> <!-- initializeDriver -->
        <test-method is-config="true" signature="setupPage()[pri:0, instance:com.selenium.tests.FormTest@7dc0f706]" started-at="2025-12-30T20:10:55 IST" name="setupPage" finished-at="2025-12-30T20:10:55 IST" duration-ms="9" status="PASS">
          <reporter-output>
          </reporter-output>
        </test-method> <!-- setupPage -->
        <test-method signature="submitFormTest(java.lang.String,java.lang.String,java.lang.String,java.lang.String,java.lang.String,java.lang.String,java.lang.String,java.lang.String,java.lang.String,java.lang.String,java.lang.String,java.lang.String)[pri:0, instance:com.selenium.tests.FormTest@7dc0f706]" started-at="2025-12-30T20:10:56 IST" name="submitFormTest" data-provider="formData" finished-at="2025-12-30T20:11:08 IST" duration-ms="11510" status="PASS">
          <params>
            <param index="0">
              <value>
                <![CDATA[Chandru]]>
              </value>
            </param>
            <param index="1">
              <value>
                <![CDATA[Chellamuthu]]>
              </value>
            </param>
            <param index="2">
              <value>
                <![CDATA[cm@gmail.com]]>
              </value>
            </param>
            <param index="3">
              <value>
                <![CDATA[male]]>
              </value>
            </param>
            <param index="4">
              <value>
                <![CDATA[9994907493]]>
              </value>
            </param>
            <param index="5">
              <value>
                <![CDATA[29-November-1998]]>
              </value>
            </param>
            <param index="6">
              <value>
                <![CDATA[Hindi,Chemistry]]>
              </value>
            </param>
            <param index="7">
              <value>
                <![CDATA[Sports,Music]]>
              </value>
            </param>
            <param index="8">
              <value>
                <![CDATA[C:\\Users\\Dhiyaan\\OneDrive\\Pictures\\image_3.jpg]]>
              </value>
            </param>
            <param index="9">
              <value>
                <![CDATA[Villa 19, The Village roomscaps, Thalambur, 603103.]]>
              </value>
            </param>
            <param index="10">
              <value>
                <![CDATA[Haryana]]>
              </value>
            </param>
            <param index="11">
              <value>
                <![CDATA[Karnal]]>
              </value>
            </param>
          </params>
          <reporter-output>
          </reporter-output>
        </test-method> <!-- submitFormTest -->
        <test-method is-config="true" signature="screenshot()[pri:0, instance:com.selenium.tests.FormTest@7dc0f706]" started-at="2025-12-30T20:11:08 IST" name="screenshot" finished-at="2025-12-30T20:11:08 IST" duration-ms="231" status="PASS">
          <reporter-output>
          </reporter-output>
        </test-method> <!-- screenshot -->
        <test-method signature="submitFormTest(java.lang.String,java.lang.String,java.lang.String,java.lang.String,java.lang.String,java.lang.String,java.lang.String,java.lang.String,java.lang.String,java.lang.String,java.lang.String,java.lang.String)[pri:0, instance:com.selenium.tests.FormTest@7dc0f706]" started-at="2025-12-30T20:11:08 IST" name="submitFormTest" data-provider="formData" finished-at="2025-12-30T20:11:10 IST" duration-ms="2262" status="PASS">
          <params>
            <param index="0">
              <value>
                <![CDATA[Saranya]]>
              </value>
            </param>
            <param index="1">
              <value>
                <![CDATA[palanisamy]]>
              </value>
            </param>
            <param index="2">
              <value>
                <![CDATA[saranya@gmail.com]]>
              </value>
            </param>
            <param index="3">
              <value>
                <![CDATA[Female]]>
              </value>
            </param>
            <param index="4">
              <value>
                <![CDATA[9994908493]]>
              </value>
            </param>
            <param index="5">
              <value>
                <![CDATA[20-February-1995]]>
              </value>
            </param>
            <param index="6">
              <value>
                <![CDATA[Hindi,Chemistry]]>
              </value>
            </param>
            <param index="7">
              <value>
                <![CDATA[Sports,Music]]>
              </value>
            </param>
            <param index="8">
              <value>
                <![CDATA[C:\\Users\\Dhiyaan\\OneDrive\\Pictures\\image_3.jpg]]>
              </value>
            </param>
            <param index="9">
              <value>
                <![CDATA[Villa 19, The Village roomscaps, Thalambur, 603103.]]>
              </value>
            </param>
            <param index="10">
              <value>
                <![CDATA[Haryana]]>
              </value>
            </param>
            <param index="11">
              <value>
                <![CDATA[Karnal]]>
              </value>
            </param>
          </params>
          <reporter-output>
          </reporter-output>
        </test-method> <!-- submitFormTest -->
        <test-method is-config="true" signature="screenshot()[pri:0, instance:com.selenium.tests.FormTest@7dc0f706]" started-at="2025-12-30T20:11:10 IST" name="screenshot" finished-at="2025-12-30T20:11:10 IST" duration-ms="186" status="PASS">
          <reporter-output>
          </reporter-output>
        </test-method> <!-- screenshot -->
        <test-method signature="submitFormTest(java.lang.String,java.lang.String,java.lang.String,java.lang.String,java.lang.String,java.lang.String,java.lang.String,java.lang.String,java.lang.String,java.lang.String,java.lang.String,java.lang.String)[pri:0, instance:com.selenium.tests.FormTest@7dc0f706]" started-at="2025-12-30T20:11:10 IST" name="submitFormTest" data-provider="formData" finished-at="2025-12-30T20:11:13 IST" duration-ms="2356" status="PASS">
          <params>
            <param index="0">
              <value>
                <![CDATA[Dhiyaan]]>
              </value>
            </param>
            <param index="1">
              <value>
                <![CDATA[chandru]]>
              </value>
            </param>
            <param index="2">
              <value>
                <![CDATA[Dhiyaan@gmail.com]]>
              </value>
            </param>
            <param index="3">
              <value>
                <![CDATA[male]]>
              </value>
            </param>
            <param index="4">
              <value>
                <![CDATA[9994907813]]>
              </value>
            </param>
            <param index="5">
              <value>
                <![CDATA[29-November-1998]]>
              </value>
            </param>
            <param index="6">
              <value>
                <![CDATA[Hindi,Chemistry]]>
              </value>
            </param>
            <param index="7">
              <value>
                <![CDATA[Sports,Music]]>
              </value>
            </param>
            <param index="8">
              <value>
                <![CDATA[C:\\Users\\Dhiyaan\\OneDrive\\Pictures\\image_3.jpg]]>
              </value>
            </param>
            <param index="9">
              <value>
                <![CDATA[Villa 19, The Village roomscaps, Thalambur, 603103.]]>
              </value>
            </param>
            <param index="10">
              <value>
                <![CDATA[Haryana]]>
              </value>
            </param>
            <param index="11">
              <value>
                <![CDATA[Karnal]]>
              </value>
            </param>
          </params>
          <reporter-output>
          </reporter-output>
        </test-method> <!-- submitFormTest -->
        <test-method is-config="true" signature="screenshot()[pri:0, instance:com.selenium.tests.FormTest@7dc0f706]" started-at="2025-12-30T20:11:13 IST" name="screenshot" finished-at="2025-12-30T20:11:13 IST" duration-ms="174" status="PASS">
          <reporter-output>
          </reporter-output>
        </test-method> <!-- screenshot -->
        <test-method is-config="true" signature="quit()[pri:0, instance:com.selenium.tests.FormTest@7dc0f706]" started-at="2025-12-30T20:11:13 IST" name="quit" finished-at="2025-12-30T20:11:13 IST" duration-ms="107" status="PASS">
          <reporter-output>
          </reporter-output>
        </test-method> <!-- quit -->
      </class> <!-- com.selenium.tests.FormTest -->
    </test> <!-- Default test -->
  </suite> <!-- Default suite -->
</testng-results>
