<?xml version="1.0" encoding="UTF-8"?>
<!-- Generated by org.testng.reporters.JUnitXMLReporter -->
<testsuite ignored="0" hostname="LAPTOP-RV32N52H" failures="0" tests="3" name="Default test" time="19.193" errors="0" timestamp="2025-12-30T20:11:13 IST">
  <testcase classname="com.selenium.tests.FormTest" name="submitFormTest" time="11.51"/>
  <testcase classname="com.selenium.tests.FormTest" name="submitFormTest" time="2.262"/>
  <testcase classname="com.selenium.tests.FormTest" name="submitFormTest" time="2.356"/>
</testsuite> <!-- Default test -->
