<?xml version="1.0" encoding="UTF-8"?>
<testng-results ignored="0" total="2" passed="2" failed="0" skipped="0">
  <reporter-output>
  </reporter-output>
  <suite started-at="2025-10-26T18:00:37 IST" name="Selenium Practice Suite" finished-at="2025-10-26T18:00:49 IST" duration-ms="12717">
    <groups>
    </groups>
    <test started-at="2025-10-26T18:00:37 IST" name="Checkbox Tests" finished-at="2025-10-26T18:00:49 IST" duration-ms="12717">
      <class name="com.selenium.tests.CheckBoxTest">
        <test-method is-config="true" signature="setup()[pri:0, instance:com.selenium.tests.CheckBoxTest@31190526]" started-at="2025-10-26T18:00:37 IST" name="setup" finished-at="2025-10-26T18:00:42 IST" duration-ms="5525" status="PASS">
          <reporter-output>
          </reporter-output>
        </test-method> <!-- setup -->
        <test-method signature="CheckBox()[pri:0, instance:com.selenium.tests.CheckBoxTest@31190526]" started-at="2025-10-26T18:00:42 IST" name="CheckBox" finished-at="2025-10-26T18:00:43 IST" duration-ms="398" status="PASS">
          <reporter-output>
          </reporter-output>
        </test-method> <!-- CheckBox -->
        <test-method is-config="true" signature="screenshot()[pri:0, instance:com.selenium.tests.CheckBoxTest@31190526]" started-at="2025-10-26T18:00:43 IST" name="screenshot" finished-at="2025-10-26T18:00:43 IST" duration-ms="133" status="PASS">
          <reporter-output>
          </reporter-output>
        </test-method> <!-- screenshot -->
        <test-method is-config="true" signature="quitbrowser()[pri:0, instance:com.selenium.tests.CheckBoxTest@31190526]" started-at="2025-10-26T18:00:43 IST" name="quitbrowser" finished-at="2025-10-26T18:00:43 IST" duration-ms="108" status="PASS">
          <reporter-output>
          </reporter-output>
        </test-method> <!-- quitbrowser -->
      </class> <!-- com.selenium.tests.CheckBoxTest -->
      <class name="com.selenium.tests.DropDownTest">
        <test-method is-config="true" signature="setup()[pri:0, instance:com.selenium.tests.DropDownTest@f5958c9]" started-at="2025-10-26T18:00:43 IST" name="setup" finished-at="2025-10-26T18:00:49 IST" duration-ms="5857" status="PASS">
          <reporter-output>
          </reporter-output>
        </test-method> <!-- setup -->
        <test-method signature="dropDown()[pri:0, instance:com.selenium.tests.DropDownTest@f5958c9]" started-at="2025-10-26T18:00:49 IST" name="dropDown" finished-at="2025-10-26T18:00:49 IST" duration-ms="405" status="PASS">
          <reporter-output>
          </reporter-output>
        </test-method> <!-- dropDown -->
        <test-method is-config="true" signature="screenshot()[pri:0, instance:com.selenium.tests.DropDownTest@f5958c9]" started-at="2025-10-26T18:00:49 IST" name="screenshot" finished-at="2025-10-26T18:00:49 IST" duration-ms="133" status="PASS">
          <reporter-output>
          </reporter-output>
        </test-method> <!-- screenshot -->
        <test-method is-config="true" signature="quitbrowser()[pri:0, instance:com.selenium.tests.DropDownTest@f5958c9]" started-at="2025-10-26T18:00:49 IST" name="quitbrowser" finished-at="2025-10-26T18:00:49 IST" duration-ms="109" status="PASS">
          <reporter-output>
          </reporter-output>
        </test-method> <!-- quitbrowser -->
      </class> <!-- com.selenium.tests.DropDownTest -->
    </test> <!-- Checkbox Tests -->
  </suite> <!-- Selenium Practice Suite -->
</testng-results>
