<?xml version="1.0" encoding="UTF-8"?>
<testng-results ignored="0" total="1" passed="1" failed="0" skipped="0">
  <reporter-output>
  </reporter-output>
  <suite started-at="2025-12-23T17:39:21 IST" name="Default suite" finished-at="2025-12-23T17:39:28 IST" duration-ms="6852">
    <groups>
    </groups>
    <test started-at="2025-12-23T17:39:21 IST" name="Default test" finished-at="2025-12-23T17:39:28 IST" duration-ms="6852">
      <class name="com.selenium.tests.LoginTest">
        <test-method is-config="true" signature="initializeDriver()[pri:0, instance:com.selenium.tests.LoginTest@1c1bbc4e]" started-at="2025-12-23T17:39:21 IST" name="initializeDriver" finished-at="2025-12-23T17:39:24 IST" duration-ms="3087" status="PASS">
          <reporter-output>
          </reporter-output>
        </test-method> <!-- initializeDriver -->
        <test-method signature="loginTest()[pri:0, instance:com.selenium.tests.LoginTest@1c1bbc4e]" started-at="2025-12-23T17:39:24 IST" name="loginTest" finished-at="2025-12-23T17:39:28 IST" duration-ms="3574" status="PASS">
          <reporter-output>
          </reporter-output>
        </test-method> <!-- loginTest -->
        <test-method is-config="true" signature="setupPage()[pri:0, instance:com.selenium.tests.LoginTest@1c1bbc4e]" started-at="2025-12-23T17:39:24 IST" name="setupPage" finished-at="2025-12-23T17:39:24 IST" duration-ms="0" status="PASS">
          <reporter-output>
          </reporter-output>
        </test-method> <!-- setupPage -->
      </class> <!-- com.selenium.tests.LoginTest -->
    </test> <!-- Default test -->
  </suite> <!-- Default suite -->
</testng-results>
